<?xml version="1.0" encoding="UTF-8"?>
<testsuite name="epsi.CalculatorAlgoTest" tests="1" skipped="0" failures="0" errors="0" timestamp="2020-12-01T12:06:59" hostname="DESKTOP-N29LVDK" time="0.0">
  <properties/>
  <testcase name="shouldAddTwoNumbers" classname="epsi.CalculatorAlgoTest" time="0.0"/>
  <system-out><![CDATA[]]></system-out>
  <system-err><![CDATA[]]></system-err>
</testsuite>
