<?xml version="1.0" encoding="UTF-8"?>
<testsuite name="epsi.CalculatorServiceTest" tests="1" skipped="0" failures="0" errors="0" timestamp="2020-12-01T12:06:59" hostname="DESKTOP-N29LVDK" time="0.001">
  <properties/>
  <testcase name="shouldAddThreeNumbers" classname="epsi.CalculatorServiceTest" time="0.001"/>
  <system-out><![CDATA[]]></system-out>
  <system-err><![CDATA[]]></system-err>
</testsuite>
